<?xml version="1.0" encoding="UTF-8"?>
<testsuite name="PingPongTest" tests="2" skipped="0" failures="0" errors="0" timestamp="2016-02-08T21:27:44" hostname="epicodus-61.local" time="0.001">
  <properties/>
  <testcase name="makeArr_forUserInput_returnsArray" classname="PingPongTest" time="0.001"/>
  <testcase name="makeArr_forDivisableFifteen_returnsArray" classname="PingPongTest" time="0.0"/>
  <system-out><![CDATA[]]></system-out>
  <system-err><![CDATA[]]></system-err>
</testsuite>
